<?xml version="1.0" encoding="UTF-8"?>
<testng-results ignored="0" total="12" passed="10" failed="2" skipped="0">
  <reporter-output>
  </reporter-output>
  <suite started-at="2023-11-05T23:29:47 IST" name="Default suite" finished-at="2023-11-05T23:30:53 IST" duration-ms="66071">
    <groups>
    </groups>
    <test started-at="2023-11-05T23:29:47 IST" name="Default test" finished-at="2023-11-05T23:30:53 IST" duration-ms="66071">
      <class name="com.VeridocSign.TestWellTechnologies.HomePage">
        <test-method is-config="true" signature="configBS(org.testng.ITestContext)[pri:0, instance:com.VeridocSign.TestWellTechnologies.HomePage@27406a17]" started-at="2023-11-05T23:29:47 IST" name="configBS" finished-at="2023-11-05T23:29:47 IST" duration-ms="123" status="PASS">
          <params>
            <param index="0">
              <value>
                <![CDATA[org.testng.TestRunner@45037e16]]>
              </value>
            </param>
          </params>
          <reporter-output>
          </reporter-output>
        </test-method> <!-- configBS -->
        <test-method is-config="true" signature="openApp(java.lang.reflect.Method)[pri:0, instance:com.VeridocSign.TestWellTechnologies.HomePage@27406a17]" started-at="2023-11-05T23:29:47 IST" name="openApp" finished-at="2023-11-05T23:29:52 IST" duration-ms="4676" status="PASS">
          <params>
            <param index="0">
              <value>
                <![CDATA[public void com.VeridocSign.TestWellTechnologies.HomePage.HomePage_TC01()]]>
              </value>
            </param>
          </params>
          <reporter-output>
          </reporter-output>
        </test-method> <!-- openApp -->
        <test-method signature="HomePage_TC01()[pri:1, instance:com.VeridocSign.TestWellTechnologies.HomePage@27406a17]" started-at="2023-11-05T23:29:52 IST" name="HomePage_TC01" finished-at="2023-11-05T23:29:52 IST" duration-ms="10" status="PASS">
          <reporter-output>
          </reporter-output>
        </test-method> <!-- HomePage_TC01 -->
        <test-method is-config="true" signature="closeApp(org.testng.ITestResult)[pri:0, instance:com.VeridocSign.TestWellTechnologies.HomePage@27406a17]" started-at="2023-11-05T23:29:52 IST" name="closeApp" finished-at="2023-11-05T23:29:52 IST" duration-ms="100" status="PASS">
          <params>
            <param index="0">
              <value>
                <![CDATA[[TestResult name=HomePage_TC01 status=SUCCESS method=HomePage.HomePage_TC01()[pri:1, instance:com.VeridocSign.TestWellTechnologies.HomePage@27406a17] output={null}]]]>
              </value>
            </param>
          </params>
          <reporter-output>
          </reporter-output>
        </test-method> <!-- closeApp -->
        <test-method is-config="true" signature="openApp(java.lang.reflect.Method)[pri:0, instance:com.VeridocSign.TestWellTechnologies.HomePage@27406a17]" started-at="2023-11-05T23:29:52 IST" name="openApp" finished-at="2023-11-05T23:29:56 IST" duration-ms="3965" status="PASS">
          <params>
            <param index="0">
              <value>
                <![CDATA[public void com.VeridocSign.TestWellTechnologies.HomePage.HomePage_TC02()]]>
              </value>
            </param>
          </params>
          <reporter-output>
          </reporter-output>
        </test-method> <!-- openApp -->
        <test-method signature="HomePage_TC02()[pri:2, instance:com.VeridocSign.TestWellTechnologies.HomePage@27406a17]" started-at="2023-11-05T23:29:56 IST" name="HomePage_TC02" finished-at="2023-11-05T23:29:56 IST" duration-ms="49" status="PASS">
          <reporter-output>
          </reporter-output>
        </test-method> <!-- HomePage_TC02 -->
        <test-method is-config="true" signature="closeApp(org.testng.ITestResult)[pri:0, instance:com.VeridocSign.TestWellTechnologies.HomePage@27406a17]" started-at="2023-11-05T23:29:56 IST" name="closeApp" finished-at="2023-11-05T23:29:56 IST" duration-ms="95" status="PASS">
          <params>
            <param index="0">
              <value>
                <![CDATA[[TestResult name=HomePage_TC02 status=SUCCESS method=HomePage.HomePage_TC02()[pri:2, instance:com.VeridocSign.TestWellTechnologies.HomePage@27406a17] output={null}]]]>
              </value>
            </param>
          </params>
          <reporter-output>
          </reporter-output>
        </test-method> <!-- closeApp -->
        <test-method is-config="true" signature="openApp(java.lang.reflect.Method)[pri:0, instance:com.VeridocSign.TestWellTechnologies.HomePage@27406a17]" started-at="2023-11-05T23:29:56 IST" name="openApp" finished-at="2023-11-05T23:30:00 IST" duration-ms="3836" status="PASS">
          <params>
            <param index="0">
              <value>
                <![CDATA[public void com.VeridocSign.TestWellTechnologies.HomePage.HomePage_TC03()]]>
              </value>
            </param>
          </params>
          <reporter-output>
          </reporter-output>
        </test-method> <!-- openApp -->
        <test-method signature="HomePage_TC03()[pri:3, instance:com.VeridocSign.TestWellTechnologies.HomePage@27406a17]" started-at="2023-11-05T23:30:00 IST" name="HomePage_TC03" finished-at="2023-11-05T23:30:00 IST" duration-ms="696" status="PASS">
          <reporter-output>
          </reporter-output>
        </test-method> <!-- HomePage_TC03 -->
        <test-method is-config="true" signature="closeApp(org.testng.ITestResult)[pri:0, instance:com.VeridocSign.TestWellTechnologies.HomePage@27406a17]" started-at="2023-11-05T23:30:00 IST" name="closeApp" finished-at="2023-11-05T23:30:01 IST" duration-ms="95" status="PASS">
          <params>
            <param index="0">
              <value>
                <![CDATA[[TestResult name=HomePage_TC03 status=SUCCESS method=HomePage.HomePage_TC03()[pri:3, instance:com.VeridocSign.TestWellTechnologies.HomePage@27406a17] output={null}]]]>
              </value>
            </param>
          </params>
          <reporter-output>
          </reporter-output>
        </test-method> <!-- closeApp -->
        <test-method is-config="true" signature="openApp(java.lang.reflect.Method)[pri:0, instance:com.VeridocSign.TestWellTechnologies.HomePage@27406a17]" started-at="2023-11-05T23:30:01 IST" name="openApp" finished-at="2023-11-05T23:30:04 IST" duration-ms="3694" status="PASS">
          <params>
            <param index="0">
              <value>
                <![CDATA[public void com.VeridocSign.TestWellTechnologies.HomePage.HomePage_TC04()]]>
              </value>
            </param>
          </params>
          <reporter-output>
          </reporter-output>
        </test-method> <!-- openApp -->
        <test-method signature="HomePage_TC04()[pri:4, instance:com.VeridocSign.TestWellTechnologies.HomePage@27406a17]" started-at="2023-11-05T23:30:04 IST" name="HomePage_TC04" finished-at="2023-11-05T23:30:04 IST" duration-ms="47" status="PASS">
          <reporter-output>
          </reporter-output>
        </test-method> <!-- HomePage_TC04 -->
        <test-method is-config="true" signature="closeApp(org.testng.ITestResult)[pri:0, instance:com.VeridocSign.TestWellTechnologies.HomePage@27406a17]" started-at="2023-11-05T23:30:04 IST" name="closeApp" finished-at="2023-11-05T23:30:04 IST" duration-ms="93" status="PASS">
          <params>
            <param index="0">
              <value>
                <![CDATA[[TestResult name=HomePage_TC04 status=SUCCESS method=HomePage.HomePage_TC04()[pri:4, instance:com.VeridocSign.TestWellTechnologies.HomePage@27406a17] output={null}]]]>
              </value>
            </param>
          </params>
          <reporter-output>
          </reporter-output>
        </test-method> <!-- closeApp -->
        <test-method is-config="true" signature="openApp(java.lang.reflect.Method)[pri:0, instance:com.VeridocSign.TestWellTechnologies.HomePage@27406a17]" started-at="2023-11-05T23:30:04 IST" name="openApp" finished-at="2023-11-05T23:30:12 IST" duration-ms="7303" status="PASS">
          <params>
            <param index="0">
              <value>
                <![CDATA[public void com.VeridocSign.TestWellTechnologies.HomePage.HomePage_TC05()]]>
              </value>
            </param>
          </params>
          <reporter-output>
          </reporter-output>
        </test-method> <!-- openApp -->
        <test-method signature="HomePage_TC05()[pri:5, instance:com.VeridocSign.TestWellTechnologies.HomePage@27406a17]" started-at="2023-11-05T23:30:12 IST" name="HomePage_TC05" finished-at="2023-11-05T23:30:12 IST" duration-ms="64" status="FAIL">
          <exception class="java.lang.AssertionError">
            <message>
              <![CDATA[Error message not displayed expected [true] but found [false]]]>
            </message>
            <full-stacktrace>
              <![CDATA[java.lang.AssertionError: Error message not displayed expected [true] but found [false]
at org.testng.Assert.fail(Assert.java:111)
at org.testng.Assert.failNotEquals(Assert.java:1578)
at org.testng.Assert.assertTrue(Assert.java:57)
at com.VeridocSign.TestWellTechnologies.HomePage.HomePage_TC05(HomePage.java:64)
at java.base/jdk.internal.reflect.NativeMethodAccessorImpl.invoke0(Native Method)
at java.base/jdk.internal.reflect.NativeMethodAccessorImpl.invoke(NativeMethodAccessorImpl.java:77)
at java.base/jdk.internal.reflect.DelegatingMethodAccessorImpl.invoke(DelegatingMethodAccessorImpl.java:43)
at java.base/java.lang.reflect.Method.invoke(Method.java:568)
at org.testng.internal.invokers.MethodInvocationHelper.invokeMethod(MethodInvocationHelper.java:139)
at org.testng.internal.invokers.TestInvoker.invokeMethod(TestInvoker.java:664)
at org.testng.internal.invokers.TestInvoker.invokeTestMethod(TestInvoker.java:227)
at org.testng.internal.invokers.MethodRunner.runInSequence(MethodRunner.java:50)
at org.testng.internal.invokers.TestInvoker$MethodInvocationAgent.invoke(TestInvoker.java:957)
at org.testng.internal.invokers.TestInvoker.invokeTestMethods(TestInvoker.java:200)
at org.testng.internal.invokers.TestMethodWorker.invokeTestMethods(TestMethodWorker.java:148)
at org.testng.internal.invokers.TestMethodWorker.run(TestMethodWorker.java:128)
at java.base/java.util.ArrayList.forEach(ArrayList.java:1511)
at org.testng.TestRunner.privateRun(TestRunner.java:848)
at org.testng.TestRunner.run(TestRunner.java:621)
at org.testng.SuiteRunner.runTest(SuiteRunner.java:443)
at org.testng.SuiteRunner.runSequentially(SuiteRunner.java:437)
at org.testng.SuiteRunner.privateRun(SuiteRunner.java:397)
at org.testng.SuiteRunner.run(SuiteRunner.java:336)
at org.testng.SuiteRunnerWorker.runSuite(SuiteRunnerWorker.java:52)
at org.testng.SuiteRunnerWorker.run(SuiteRunnerWorker.java:95)
at org.testng.TestNG.runSuitesSequentially(TestNG.java:1280)
at org.testng.TestNG.runSuitesLocally(TestNG.java:1200)
at org.testng.TestNG.runSuites(TestNG.java:1114)
at org.testng.TestNG.run(TestNG.java:1082)
at org.testng.remote.AbstractRemoteTestNG.run(AbstractRemoteTestNG.java:115)
at org.testng.remote.RemoteTestNG.initAndRun(RemoteTestNG.java:251)
at org.testng.remote.RemoteTestNG.main(RemoteTestNG.java:77)
]]>
            </full-stacktrace>
          </exception> <!-- java.lang.AssertionError -->
          <reporter-output>
          </reporter-output>
        </test-method> <!-- HomePage_TC05 -->
        <test-method is-config="true" signature="closeApp(org.testng.ITestResult)[pri:0, instance:com.VeridocSign.TestWellTechnologies.HomePage@27406a17]" started-at="2023-11-05T23:30:12 IST" name="closeApp" finished-at="2023-11-05T23:30:12 IST" duration-ms="383" status="PASS">
          <params>
            <param index="0">
              <value>
                <![CDATA[[TestResult name=HomePage_TC05 status=FAILURE method=HomePage.HomePage_TC05()[pri:5, instance:com.VeridocSign.TestWellTechnologies.HomePage@27406a17] output={null}]]]>
              </value>
            </param>
          </params>
          <reporter-output>
          </reporter-output>
        </test-method> <!-- closeApp -->
        <test-method is-config="true" signature="openApp(java.lang.reflect.Method)[pri:0, instance:com.VeridocSign.TestWellTechnologies.HomePage@27406a17]" started-at="2023-11-05T23:30:12 IST" name="openApp" finished-at="2023-11-05T23:30:16 IST" duration-ms="3683" status="PASS">
          <params>
            <param index="0">
              <value>
                <![CDATA[public void com.VeridocSign.TestWellTechnologies.HomePage.HomePage_TC06()]]>
              </value>
            </param>
          </params>
          <reporter-output>
          </reporter-output>
        </test-method> <!-- openApp -->
        <test-method signature="HomePage_TC06()[pri:6, instance:com.VeridocSign.TestWellTechnologies.HomePage@27406a17]" started-at="2023-11-05T23:30:16 IST" name="HomePage_TC06" finished-at="2023-11-05T23:30:16 IST" duration-ms="169" status="PASS">
          <reporter-output>
          </reporter-output>
        </test-method> <!-- HomePage_TC06 -->
        <test-method is-config="true" signature="closeApp(org.testng.ITestResult)[pri:0, instance:com.VeridocSign.TestWellTechnologies.HomePage@27406a17]" started-at="2023-11-05T23:30:16 IST" name="closeApp" finished-at="2023-11-05T23:30:16 IST" duration-ms="94" status="PASS">
          <params>
            <param index="0">
              <value>
                <![CDATA[[TestResult name=HomePage_TC06 status=SUCCESS method=HomePage.HomePage_TC06()[pri:6, instance:com.VeridocSign.TestWellTechnologies.HomePage@27406a17] output={null}]]]>
              </value>
            </param>
          </params>
          <reporter-output>
          </reporter-output>
        </test-method> <!-- closeApp -->
        <test-method is-config="true" signature="openApp(java.lang.reflect.Method)[pri:0, instance:com.VeridocSign.TestWellTechnologies.HomePage@27406a17]" started-at="2023-11-05T23:30:16 IST" name="openApp" finished-at="2023-11-05T23:30:21 IST" duration-ms="4944" status="PASS">
          <params>
            <param index="0">
              <value>
                <![CDATA[public void com.VeridocSign.TestWellTechnologies.HomePage.HomePage_TC07()]]>
              </value>
            </param>
          </params>
          <reporter-output>
          </reporter-output>
        </test-method> <!-- openApp -->
        <test-method signature="HomePage_TC07()[pri:7, instance:com.VeridocSign.TestWellTechnologies.HomePage@27406a17]" started-at="2023-11-05T23:30:21 IST" name="HomePage_TC07" finished-at="2023-11-05T23:30:21 IST" duration-ms="157" status="PASS">
          <reporter-output>
          </reporter-output>
        </test-method> <!-- HomePage_TC07 -->
        <test-method is-config="true" signature="closeApp(org.testng.ITestResult)[pri:0, instance:com.VeridocSign.TestWellTechnologies.HomePage@27406a17]" started-at="2023-11-05T23:30:21 IST" name="closeApp" finished-at="2023-11-05T23:30:21 IST" duration-ms="92" status="PASS">
          <params>
            <param index="0">
              <value>
                <![CDATA[[TestResult name=HomePage_TC07 status=SUCCESS method=HomePage.HomePage_TC07()[pri:7, instance:com.VeridocSign.TestWellTechnologies.HomePage@27406a17] output={null}]]]>
              </value>
            </param>
          </params>
          <reporter-output>
          </reporter-output>
        </test-method> <!-- closeApp -->
        <test-method is-config="true" signature="openApp(java.lang.reflect.Method)[pri:0, instance:com.VeridocSign.TestWellTechnologies.HomePage@27406a17]" started-at="2023-11-05T23:30:21 IST" name="openApp" finished-at="2023-11-05T23:30:25 IST" duration-ms="3881" status="PASS">
          <params>
            <param index="0">
              <value>
                <![CDATA[public void com.VeridocSign.TestWellTechnologies.HomePage.HomePage_TC08()]]>
              </value>
            </param>
          </params>
          <reporter-output>
          </reporter-output>
        </test-method> <!-- openApp -->
        <test-method signature="HomePage_TC08()[pri:8, instance:com.VeridocSign.TestWellTechnologies.HomePage@27406a17]" started-at="2023-11-05T23:30:25 IST" name="HomePage_TC08" finished-at="2023-11-05T23:30:26 IST" duration-ms="1248" status="PASS">
          <reporter-output>
          </reporter-output>
        </test-method> <!-- HomePage_TC08 -->
        <test-method is-config="true" signature="closeApp(org.testng.ITestResult)[pri:0, instance:com.VeridocSign.TestWellTechnologies.HomePage@27406a17]" started-at="2023-11-05T23:30:26 IST" name="closeApp" finished-at="2023-11-05T23:30:26 IST" duration-ms="91" status="PASS">
          <params>
            <param index="0">
              <value>
                <![CDATA[[TestResult name=HomePage_TC08 status=SUCCESS method=HomePage.HomePage_TC08()[pri:8, instance:com.VeridocSign.TestWellTechnologies.HomePage@27406a17] output={null}]]]>
              </value>
            </param>
          </params>
          <reporter-output>
          </reporter-output>
        </test-method> <!-- closeApp -->
        <test-method is-config="true" signature="openApp(java.lang.reflect.Method)[pri:0, instance:com.VeridocSign.TestWellTechnologies.HomePage@27406a17]" started-at="2023-11-05T23:30:26 IST" name="openApp" finished-at="2023-11-05T23:30:30 IST" duration-ms="3734" status="PASS">
          <params>
            <param index="0">
              <value>
                <![CDATA[public void com.VeridocSign.TestWellTechnologies.HomePage.HomePage_TC09()]]>
              </value>
            </param>
          </params>
          <reporter-output>
          </reporter-output>
        </test-method> <!-- openApp -->
        <test-method signature="HomePage_TC09()[pri:9, instance:com.VeridocSign.TestWellTechnologies.HomePage@27406a17]" started-at="2023-11-05T23:30:30 IST" name="HomePage_TC09" finished-at="2023-11-05T23:30:32 IST" duration-ms="1745" status="PASS">
          <reporter-output>
          </reporter-output>
        </test-method> <!-- HomePage_TC09 -->
        <test-method is-config="true" signature="closeApp(org.testng.ITestResult)[pri:0, instance:com.VeridocSign.TestWellTechnologies.HomePage@27406a17]" started-at="2023-11-05T23:30:32 IST" name="closeApp" finished-at="2023-11-05T23:30:32 IST" duration-ms="96" status="PASS">
          <params>
            <param index="0">
              <value>
                <![CDATA[[TestResult name=HomePage_TC09 status=SUCCESS method=HomePage.HomePage_TC09()[pri:9, instance:com.VeridocSign.TestWellTechnologies.HomePage@27406a17] output={null}]]]>
              </value>
            </param>
          </params>
          <reporter-output>
          </reporter-output>
        </test-method> <!-- closeApp -->
        <test-method is-config="true" signature="openApp(java.lang.reflect.Method)[pri:0, instance:com.VeridocSign.TestWellTechnologies.HomePage@27406a17]" started-at="2023-11-05T23:30:32 IST" name="openApp" finished-at="2023-11-05T23:30:36 IST" duration-ms="3565" status="PASS">
          <params>
            <param index="0">
              <value>
                <![CDATA[public void com.VeridocSign.TestWellTechnologies.HomePage.HomePage_TC010()]]>
              </value>
            </param>
          </params>
          <reporter-output>
          </reporter-output>
        </test-method> <!-- openApp -->
        <test-method signature="HomePage_TC010()[pri:10, instance:com.VeridocSign.TestWellTechnologies.HomePage@27406a17]" started-at="2023-11-05T23:30:36 IST" name="HomePage_TC010" finished-at="2023-11-05T23:30:41 IST" duration-ms="5063" status="PASS">
          <reporter-output>
          </reporter-output>
        </test-method> <!-- HomePage_TC010 -->
        <test-method is-config="true" signature="closeApp(org.testng.ITestResult)[pri:0, instance:com.VeridocSign.TestWellTechnologies.HomePage@27406a17]" started-at="2023-11-05T23:30:41 IST" name="closeApp" finished-at="2023-11-05T23:30:41 IST" duration-ms="95" status="PASS">
          <params>
            <param index="0">
              <value>
                <![CDATA[[TestResult name=HomePage_TC010 status=SUCCESS method=HomePage.HomePage_TC010()[pri:10, instance:com.VeridocSign.TestWellTechnologies.HomePage@27406a17] output={null}]]]>
              </value>
            </param>
          </params>
          <reporter-output>
          </reporter-output>
        </test-method> <!-- closeApp -->
        <test-method is-config="true" signature="openApp(java.lang.reflect.Method)[pri:0, instance:com.VeridocSign.TestWellTechnologies.HomePage@27406a17]" started-at="2023-11-05T23:30:41 IST" name="openApp" finished-at="2023-11-05T23:30:44 IST" duration-ms="3559" status="PASS">
          <params>
            <param index="0">
              <value>
                <![CDATA[public void com.VeridocSign.TestWellTechnologies.HomePage.HomePage_TC011()]]>
              </value>
            </param>
          </params>
          <reporter-output>
          </reporter-output>
        </test-method> <!-- openApp -->
        <test-method signature="HomePage_TC011()[pri:11, instance:com.VeridocSign.TestWellTechnologies.HomePage@27406a17]" started-at="2023-11-05T23:30:44 IST" name="HomePage_TC011" finished-at="2023-11-05T23:30:46 IST" duration-ms="1810" status="PASS">
          <reporter-output>
          </reporter-output>
        </test-method> <!-- HomePage_TC011 -->
        <test-method is-config="true" signature="closeApp(org.testng.ITestResult)[pri:0, instance:com.VeridocSign.TestWellTechnologies.HomePage@27406a17]" started-at="2023-11-05T23:30:46 IST" name="closeApp" finished-at="2023-11-05T23:30:46 IST" duration-ms="96" status="PASS">
          <params>
            <param index="0">
              <value>
                <![CDATA[[TestResult name=HomePage_TC011 status=SUCCESS method=HomePage.HomePage_TC011()[pri:11, instance:com.VeridocSign.TestWellTechnologies.HomePage@27406a17] output={null}]]]>
              </value>
            </param>
          </params>
          <reporter-output>
          </reporter-output>
        </test-method> <!-- closeApp -->
        <test-method is-config="true" signature="openApp(java.lang.reflect.Method)[pri:0, instance:com.VeridocSign.TestWellTechnologies.HomePage@27406a17]" started-at="2023-11-05T23:30:46 IST" name="openApp" finished-at="2023-11-05T23:30:50 IST" duration-ms="3580" status="PASS">
          <params>
            <param index="0">
              <value>
                <![CDATA[public void com.VeridocSign.TestWellTechnologies.HomePage.HomePage_TC012()]]>
              </value>
            </param>
          </params>
          <reporter-output>
          </reporter-output>
        </test-method> <!-- openApp -->
        <test-method signature="HomePage_TC012()[pri:12, instance:com.VeridocSign.TestWellTechnologies.HomePage@27406a17]" started-at="2023-11-05T23:30:50 IST" name="HomePage_TC012" finished-at="2023-11-05T23:30:53 IST" duration-ms="2827" status="FAIL">
          <exception class="org.openqa.selenium.ElementClickInterceptedException">
            <message>
              <![CDATA[element click intercepted: Element <button class="btn_2 green-disabled" id="startFreeTrial" type="submit">...</button> is not clickable at point (720, 445). Other element would receive the click: <form class="mt-4" method="post" enctype="multipart/form-data">...</form>
  (Session info: chrome=119.0.6045.105)
Build info: version: '3.141.59', revision: 'e82be7d358', time: '2018-11-14T08:17:03'
System info: host: 'Surajs-MacBook-Air.local', ip: '2401:4900:1c37:932d:c90d:9387:ca17:f023%en0', os.name: 'Mac OS X', os.arch: 'aarch64', os.version: '14.0', java.version: '17.0.7'
Driver info: org.openqa.selenium.chrome.ChromeDriver
Capabilities {acceptInsecureCerts: false, browserName: chrome, browserVersion: 119.0.6045.105, chrome: {chromedriverVersion: 119.0.6045.105 (38c72552c5e..., userDataDir: /var/folders/md/c07pb7c501z...}, fedcm:accounts: true, goog:chromeOptions: {debuggerAddress: localhost:52135}, javascriptEnabled: true, networkConnectionEnabled: false, pageLoadStrategy: normal, platform: MAC, platformName: MAC, proxy: Proxy(), setWindowRect: true, strictFileInteractability: false, timeouts: {implicit: 0, pageLoad: 300000, script: 30000}, unhandledPromptBehavior: dismiss and notify, webauthn:extension:credBlob: true, webauthn:extension:largeBlob: true, webauthn:extension:minPinLength: true, webauthn:extension:prf: true, webauthn:virtualAuthenticators: true}
Session ID: fc329b269d447ad90e91a52c352c31a8]]>
            </message>
            <full-stacktrace>
              <![CDATA[org.openqa.selenium.ElementClickInterceptedException: element click intercepted: Element <button class="btn_2 green-disabled" id="startFreeTrial" type="submit">...</button> is not clickable at point (720, 445). Other element would receive the click: <form class="mt-4" method="post" enctype="multipart/form-data">...</form>
  (Session info: chrome=119.0.6045.105)
Build info: version: '3.141.59', revision: 'e82be7d358', time: '2018-11-14T08:17:03'
System info: host: 'Surajs-MacBook-Air.local', ip: '2401:4900:1c37:932d:c90d:9387:ca17:f023%en0', os.name: 'Mac OS X', os.arch: 'aarch64', os.version: '14.0', java.version: '17.0.7'
Driver info: org.openqa.selenium.chrome.ChromeDriver
Capabilities {acceptInsecureCerts: false, browserName: chrome, browserVersion: 119.0.6045.105, chrome: {chromedriverVersion: 119.0.6045.105 (38c72552c5e..., userDataDir: /var/folders/md/c07pb7c501z...}, fedcm:accounts: true, goog:chromeOptions: {debuggerAddress: localhost:52135}, javascriptEnabled: true, networkConnectionEnabled: false, pageLoadStrategy: normal, platform: MAC, platformName: MAC, proxy: Proxy(), setWindowRect: true, strictFileInteractability: false, timeouts: {implicit: 0, pageLoad: 300000, script: 30000}, unhandledPromptBehavior: dismiss and notify, webauthn:extension:credBlob: true, webauthn:extension:largeBlob: true, webauthn:extension:minPinLength: true, webauthn:extension:prf: true, webauthn:virtualAuthenticators: true}
Session ID: fc329b269d447ad90e91a52c352c31a8
at java.base/jdk.internal.reflect.NativeConstructorAccessorImpl.newInstance0(Native Method)
at java.base/jdk.internal.reflect.NativeConstructorAccessorImpl.newInstance(NativeConstructorAccessorImpl.java:77)
at java.base/jdk.internal.reflect.DelegatingConstructorAccessorImpl.newInstance(DelegatingConstructorAccessorImpl.java:45)
at java.base/java.lang.reflect.Constructor.newInstanceWithCaller(Constructor.java:499)
at java.base/java.lang.reflect.Constructor.newInstance(Constructor.java:480)
at org.openqa.selenium.remote.http.W3CHttpResponseCodec.createException(W3CHttpResponseCodec.java:187)
at org.openqa.selenium.remote.http.W3CHttpResponseCodec.decode(W3CHttpResponseCodec.java:122)
at org.openqa.selenium.remote.http.W3CHttpResponseCodec.decode(W3CHttpResponseCodec.java:49)
at org.openqa.selenium.remote.HttpCommandExecutor.execute(HttpCommandExecutor.java:158)
at org.openqa.selenium.remote.service.DriverCommandExecutor.execute(DriverCommandExecutor.java:83)
at org.openqa.selenium.remote.RemoteWebDriver.execute(RemoteWebDriver.java:552)
at org.openqa.selenium.remote.RemoteWebElement.execute(RemoteWebElement.java:285)
at org.openqa.selenium.remote.RemoteWebElement.click(RemoteWebElement.java:84)
at java.base/jdk.internal.reflect.NativeMethodAccessorImpl.invoke0(Native Method)
at java.base/jdk.internal.reflect.NativeMethodAccessorImpl.invoke(NativeMethodAccessorImpl.java:77)
at java.base/jdk.internal.reflect.DelegatingMethodAccessorImpl.invoke(DelegatingMethodAccessorImpl.java:43)
at java.base/java.lang.reflect.Method.invoke(Method.java:568)
at org.openqa.selenium.support.pagefactory.internal.LocatingElementHandler.invoke(LocatingElementHandler.java:51)
at jdk.proxy2/jdk.proxy2.$Proxy13.click(Unknown Source)
at com.VeridocSign.TestWellTechnologies.HomePage.HomePage_TC012(HomePage.java:189)
at java.base/jdk.internal.reflect.NativeMethodAccessorImpl.invoke0(Native Method)
at java.base/jdk.internal.reflect.NativeMethodAccessorImpl.invoke(NativeMethodAccessorImpl.java:77)
at java.base/jdk.internal.reflect.DelegatingMethodAccessorImpl.invoke(DelegatingMethodAccessorImpl.java:43)
at java.base/java.lang.reflect.Method.invoke(Method.java:568)
at org.testng.internal.invokers.MethodInvocationHelper.invokeMethod(MethodInvocationHelper.java:139)
at org.testng.internal.invokers.TestInvoker.invokeMethod(TestInvoker.java:664)
at org.testng.internal.invokers.TestInvoker.invokeTestMethod(TestInvoker.java:227)
at org.testng.internal.invokers.MethodRunner.runInSequence(MethodRunner.java:50)
at org.testng.internal.invokers.TestInvoker$MethodInvocationAgent.invoke(TestInvoker.java:957)
at org.testng.internal.invokers.TestInvoker.invokeTestMethods(TestInvoker.java:200)
at org.testng.internal.invokers.TestMethodWorker.invokeTestMethods(TestMethodWorker.java:148)
at org.testng.internal.invokers.TestMethodWorker.run(TestMethodWorker.java:128)
at java.base/java.util.ArrayList.forEach(ArrayList.java:1511)
at org.testng.TestRunner.privateRun(TestRunner.java:848)
at org.testng.TestRunner.run(TestRunner.java:621)
at org.testng.SuiteRunner.runTest(SuiteRunner.java:443)
at org.testng.SuiteRunner.runSequentially(SuiteRunner.java:437)
at org.testng.SuiteRunner.privateRun(SuiteRunner.java:397)
at org.testng.SuiteRunner.run(SuiteRunner.java:336)
at org.testng.SuiteRunnerWorker.runSuite(SuiteRunnerWorker.java:52)
at org.testng.SuiteRunnerWorker.run(SuiteRunnerWorker.java:95)
at org.testng.TestNG.runSuitesSequentially(TestNG.java:1280)
at org.testng.TestNG.runSuitesLocally(TestNG.java:1200)
at org.testng.TestNG.runSuites(TestNG.java:1114)
at org.testng.TestNG.run(TestNG.java:1082)
at org.testng.remote.AbstractRemoteTestNG.run(AbstractRemoteTestNG.java:115)
at org.testng.remote.RemoteTestNG.initAndRun(RemoteTestNG.java:251)
at org.testng.remote.RemoteTestNG.main(RemoteTestNG.java:77)
]]>
            </full-stacktrace>
          </exception> <!-- org.openqa.selenium.ElementClickInterceptedException -->
          <reporter-output>
          </reporter-output>
        </test-method> <!-- HomePage_TC012 -->
        <test-method is-config="true" signature="closeApp(org.testng.ITestResult)[pri:0, instance:com.VeridocSign.TestWellTechnologies.HomePage@27406a17]" started-at="2023-11-05T23:30:53 IST" name="closeApp" finished-at="2023-11-05T23:30:53 IST" duration-ms="394" status="PASS">
          <params>
            <param index="0">
              <value>
                <![CDATA[[TestResult name=HomePage_TC012 status=FAILURE method=HomePage.HomePage_TC012()[pri:12, instance:com.VeridocSign.TestWellTechnologies.HomePage@27406a17] output={null}]]]>
              </value>
            </param>
          </params>
          <reporter-output>
          </reporter-output>
        </test-method> <!-- closeApp -->
        <test-method is-config="true" signature="configAS()[pri:0, instance:com.VeridocSign.TestWellTechnologies.HomePage@27406a17]" started-at="2023-11-05T23:30:53 IST" name="configAS" finished-at="2023-11-05T23:30:53 IST" duration-ms="145" status="PASS">
          <reporter-output>
          </reporter-output>
        </test-method> <!-- configAS -->
      </class> <!-- com.VeridocSign.TestWellTechnologies.HomePage -->
    </test> <!-- Default test -->
  </suite> <!-- Default suite -->
</testng-results>
